# JRE version: OpenJDK Runtime Environment (8.0_152-b01) (build 1.8.0_152-release-915-b01)
# Java VM: OpenJDK 64-Bit Server VM (25.152-b01 mixed mode windows-amd64 compressed oops)
Heap:
 PSYoungGen      total 91648K, used 22278K [0x00000000e0000000, 0x00000000e7200000, 0x0000000100000000)
  eden space 76800K, 29% used [0x00000000e0000000,0x00000000e1667ac8,0x00000000e4b00000)
  from space 14848K, 0% used [0x00000000e4b00000,0x00000000e4b00000,0x00000000e5980000)
  to   space 15872K, 0% used [0x00000000e6280000,0x00000000e6280000,0x00000000e7200000)
 ParOldGen       total 97280K, used 36335K [0x00000000a0000000, 0x00000000a5f00000, 0x00000000e0000000)
  object space 97280K, 37% used [0x00000000a0000000,0x00000000a237bd68,0x00000000a5f00000)
 Metaspace       used 60168K, capacity 62016K, committed 62296K, reserved 1103872K
  class space    used 8033K, capacity 8481K, committed 8576K, reserved 1048576K
GC Heap History (10 events):
Event: 43.062 GC heap before
{Heap before GC invocations=24 (full 2):
 PSYoungGen      total 69120K, used 62329K [0x00000000e0000000, 0x00000000e5880000, 0x0000000100000000)
  eden space 59392K, 100% used [0x00000000e0000000,0x00000000e3a00000,0x00000000e3a00000)
  from space 9728K, 30% used [0x00000000e3a00000,0x00000000e3cde4c8,0x00000000e4380000)
  to   space 9728K, 0% used [0x00000000e4f00000,0x00000000e4f00000,0x00000000e5880000)
 ParOldGen       total 56320K, used 26853K [0x00000000a0000000, 0x00000000a3700000, 0x00000000e0000000)
  object space 56320K, 47% used [0x00000000a0000000,0x00000000a1a39458,0x00000000a3700000)
 Metaspace       used 48356K, capacity 49576K, committed 49752K, reserved 1091584K
  class space    used 6441K, capacity 6773K, committed 6784K, reserved 1048576K
Event: 43.068 GC heap after
Heap after GC invocations=24 (full 2):
 PSYoungGen      total 77824K, used 4034K [0x00000000e0000000, 0x00000000e5680000, 0x0000000100000000)
  eden space 70144K, 0% used [0x00000000e0000000,0x00000000e0000000,0x00000000e4480000)
  from space 7680K, 52% used [0x00000000e4f00000,0x00000000e52f09e0,0x00000000e5680000)
  to   space 9216K, 0% used [0x00000000e4480000,0x00000000e4480000,0x00000000e4d80000)
 ParOldGen       total 56320K, used 26981K [0x00000000a0000000, 0x00000000a3700000, 0x00000000e0000000)
  object space 56320K, 47% used [0x00000000a0000000,0x00000000a1a59458,0x00000000a3700000)
 Metaspace       used 48356K, capacity 49576K, committed 49752K, reserved 1091584K
  class space    used 6441K, capacity 6773K, committed 6784K, reserved 1048576K
}
Event: 49.326 GC heap before
{Heap before GC invocations=25 (full 2):
 PSYoungGen      total 77824K, used 74178K [0x00000000e0000000, 0x00000000e5680000, 0x0000000100000000)
  eden space 70144K, 100% used [0x00000000e0000000,0x00000000e4480000,0x00000000e4480000)
  from space 7680K, 52% used [0x00000000e4f00000,0x00000000e52f09e0,0x00000000e5680000)
  to   space 9216K, 0% used [0x00000000e4480000,0x00000000e4480000,0x00000000e4d80000)
 ParOldGen       total 56320K, used 26981K [0x00000000a0000000, 0x00000000a3700000, 0x00000000e0000000)
  object space 56320K, 47% used [0x00000000a0000000,0x00000000a1a59458,0x00000000a3700000)
 Metaspace       used 53012K, capacity 54742K, committed 55000K, reserved 1097728K
  class space    used 7157K, capacity 7584K, committed 7680K, reserved 1048576K
Event: 49.346 GC heap after
Heap after GC invocations=25 (full 2):
 PSYoungGen      total 79360K, used 8843K [0x00000000e0000000, 0x00000000e6380000, 0x0000000100000000)
  eden space 70144K, 0% used [0x00000000e0000000,0x00000000e0000000,0x00000000e4480000)
  from space 9216K, 95% used [0x00000000e4480000,0x00000000e4d22c08,0x00000000e4d80000)
  to   space 10240K, 0% used [0x00000000e5980000,0x00000000e5980000,0x00000000e6380000)
 ParOldGen       total 56320K, used 26989K [0x00000000a0000000, 0x00000000a3700000, 0x00000000e0000000)
  object space 56320K, 47% used [0x00000000a0000000,0x00000000a1a5b458,0x00000000a3700000)
 Metaspace       used 53012K, capacity 54742K, committed 55000K, reserved 1097728K
  class space    used 7157K, capacity 7584K, committed 7680K, reserved 1048576K
}
Event: 54.614 GC heap before
{Heap before GC invocations=26 (full 2):
 PSYoungGen      total 79360K, used 78536K [0x00000000e0000000, 0x00000000e6380000, 0x0000000100000000)
  eden space 70144K, 99% used [0x00000000e0000000,0x00000000e440f670,0x00000000e4480000)
  from space 9216K, 95% used [0x00000000e4480000,0x00000000e4d22c08,0x00000000e4d80000)
  to   space 10240K, 0% used [0x00000000e5980000,0x00000000e5980000,0x00000000e6380000)
 ParOldGen       total 56320K, used 26989K [0x00000000a0000000, 0x00000000a3700000, 0x00000000e0000000)
  object space 56320K, 47% used [0x00000000a0000000,0x00000000a1a5b458,0x00000000a3700000)
 Metaspace       used 54641K, capacity 56282K, committed 56408K, reserved 1097728K
  class space    used 7331K, capacity 7726K, committed 7808K, reserved 1048576K
Event: 54.646 GC heap after
Heap after GC invocations=26 (full 2):
 PSYoungGen      total 87040K, used 10224K [0x00000000e0000000, 0x00000000e6d00000, 0x0000000100000000)
  eden space 76800K, 0% used [0x00000000e0000000,0x00000000e0000000,0x00000000e4b00000)
  from space 10240K, 99% used [0x00000000e5980000,0x00000000e637c010,0x00000000e6380000)
  to   space 14848K, 0% used [0x00000000e4b00000,0x00000000e4b00000,0x00000000e5980000)
 ParOldGen       total 56320K, used 34966K [0x00000000a0000000, 0x00000000a3700000, 0x00000000e0000000)
  object space 56320K, 62% used [0x00000000a0000000,0x00000000a22258d0,0x00000000a3700000)
 Metaspace       used 54641K, capacity 56282K, committed 56408K, reserved 1097728K
  class space    used 7331K, capacity 7726K, committed 7808K, reserved 1048576K
}
Event: 92.948 GC heap before
{Heap before GC invocations=27 (full 2):
 PSYoungGen      total 87040K, used 86260K [0x00000000e0000000, 0x00000000e6d00000, 0x0000000100000000)
  eden space 76800K, 99% used [0x00000000e0000000,0x00000000e4a41238,0x00000000e4b00000)
  from space 10240K, 99% used [0x00000000e5980000,0x00000000e637c010,0x00000000e6380000)
  to   space 14848K, 0% used [0x00000000e4b00000,0x00000000e4b00000,0x00000000e5980000)
 ParOldGen       total 56320K, used 34966K [0x00000000a0000000, 0x00000000a3700000, 0x00000000e0000000)
  object space 56320K, 62% used [0x00000000a0000000,0x00000000a22258d0,0x00000000a3700000)
 Metaspace       used 57023K, capacity 58880K, committed 59028K, reserved 1099776K
  class space    used 7653K, capacity 8097K, committed 8192K, reserved 1048576K
Event: 92.972 GC heap after
Heap after GC invocations=27 (full 2):
 PSYoungGen      total 91648K, used 10710K [0x00000000e0000000, 0x00000000e7200000, 0x0000000100000000)
  eden space 76800K, 0% used [0x00000000e0000000,0x00000000e0000000,0x00000000e4b00000)
  from space 14848K, 72% used [0x00000000e4b00000,0x00000000e5575a28,0x00000000e5980000)
  to   space 15872K, 0% used [0x00000000e6280000,0x00000000e6280000,0x00000000e7200000)
 ParOldGen       total 56320K, used 39831K [0x00000000a0000000, 0x00000000a3700000, 0x00000000e0000000)
  object space 56320K, 70% used [0x00000000a0000000,0x00000000a26e5f50,0x00000000a3700000)
 Metaspace       used 57023K, capacity 58880K, committed 59028K, reserved 1099776K
  class space    used 7653K, capacity 8097K, committed 8192K, reserved 1048576K
}
Event: 92.972 GC heap before
{Heap before GC invocations=28 (full 3):
 PSYoungGen      total 91648K, used 10710K [0x00000000e0000000, 0x00000000e7200000, 0x0000000100000000)
  eden space 76800K, 0% used [0x00000000e0000000,0x00000000e0000000,0x00000000e4b00000)
  from space 14848K, 72% used [0x00000000e4b00000,0x00000000e5575a28,0x00000000e5980000)
  to   space 15872K, 0% used [0x00000000e6280000,0x00000000e6280000,0x00000000e7200000)
 ParOldGen       total 56320K, used 39831K [0x00000000a0000000, 0x00000000a3700000, 0x00000000e0000000)
  object space 56320K, 70% used [0x00000000a0000000,0x00000000a26e5f50,0x00000000a3700000)
 Metaspace       used 57023K, capacity 58880K, committed 59028K, reserved 1099776K
  class space    used 7653K, capacity 8097K, committed 8192K, reserved 1048576K
Event: 93.496 GC heap after
Heap after GC invocations=28 (full 3):
 PSYoungGen      total 91648K, used 0K [0x00000000e0000000, 0x00000000e7200000, 0x0000000100000000)
  eden space 76800K, 0% used [0x00000000e0000000,0x00000000e0000000,0x00000000e4b00000)
  from space 14848K, 0% used [0x00000000e4b00000,0x00000000e4b00000,0x00000000e5980000)
  to   space 15872K, 0% used [0x00000000e6280000,0x00000000e6280000,0x00000000e7200000)
 ParOldGen       total 97280K, used 36335K [0x00000000a0000000, 0x00000000a5f00000, 0x00000000e0000000)
  object space 97280K, 37% used [0x00000000a0000000,0x00000000a237bd68,0x00000000a5f00000)
 Metaspace       used 57023K, capacity 58880K, committed 59028K, reserved 1099776K
  class space    used 7653K, capacity 8097K, committed 8192K, reserved 1048576K
}

