# JRE version: OpenJDK Runtime Environment (8.0_152-b01) (build 1.8.0_152-release-915-b01)
# Java VM: OpenJDK 64-Bit Server VM (25.152-b01 mixed mode windows-amd64 compressed oops)
Heap:
 PSYoungGen      total 125440K, used 26318K [0x00000000e0000000, 0x00000000e8a80000, 0x0000000100000000)
  eden space 116736K, 15% used [0x00000000e0000000,0x00000000e1136698,0x00000000e7200000)
  from space 8704K, 99% used [0x00000000e8200000,0x00000000e8a7d360,0x00000000e8a80000)
  to   space 10240K, 0% used [0x00000000e7680000,0x00000000e7680000,0x00000000e8080000)
 ParOldGen       total 48640K, used 16645K [0x00000000a0000000, 0x00000000a2f80000, 0x00000000e0000000)
  object space 48640K, 34% used [0x00000000a0000000,0x00000000a1041600,0x00000000a2f80000)
 Metaspace       used 41056K, capacity 41840K, committed 42072K, reserved 1085440K
  class space    used 5471K, capacity 5737K, committed 5760K, reserved 1048576K
GC Heap History (10 events):
Event: 9.523 GC heap before
{Heap before GC invocations=10 (full 1):
 PSYoungGen      total 70656K, used 62464K [0x00000000e0000000, 0x00000000e4d00000, 0x0000000100000000)
  eden space 62464K, 100% used [0x00000000e0000000,0x00000000e3d00000,0x00000000e3d00000)
  from space 8192K, 0% used [0x00000000e4500000,0x00000000e4500000,0x00000000e4d00000)
  to   space 8192K, 0% used [0x00000000e3d00000,0x00000000e3d00000,0x00000000e4500000)
 ParOldGen       total 30720K, used 8143K [0x00000000a0000000, 0x00000000a1e00000, 0x00000000e0000000)
  object space 30720K, 26% used [0x00000000a0000000,0x00000000a07f3c40,0x00000000a1e00000)
 Metaspace       used 25705K, capacity 26184K, committed 26496K, reserved 1073152K
  class space    used 3517K, capacity 3681K, committed 3712K, reserved 1048576K
Event: 9.541 GC heap after
Heap after GC invocations=10 (full 1):
 PSYoungGen      total 70656K, used 6872K [0x00000000e0000000, 0x00000000e6980000, 0x0000000100000000)
  eden space 62464K, 0% used [0x00000000e0000000,0x00000000e0000000,0x00000000e3d00000)
  from space 8192K, 83% used [0x00000000e3d00000,0x00000000e43b6320,0x00000000e4500000)
  to   space 8704K, 0% used [0x00000000e6100000,0x00000000e6100000,0x00000000e6980000)
 ParOldGen       total 30720K, used 8143K [0x00000000a0000000, 0x00000000a1e00000, 0x00000000e0000000)
  object space 30720K, 26% used [0x00000000a0000000,0x00000000a07f3c40,0x00000000a1e00000)
 Metaspace       used 25705K, capacity 26184K, committed 26496K, reserved 1073152K
  class space    used 3517K, capacity 3681K, committed 3712K, reserved 1048576K
}
Event: 11.475 GC heap before
{Heap before GC invocations=11 (full 1):
 PSYoungGen      total 70656K, used 69336K [0x00000000e0000000, 0x00000000e6980000, 0x0000000100000000)
  eden space 62464K, 100% used [0x00000000e0000000,0x00000000e3d00000,0x00000000e3d00000)
  from space 8192K, 83% used [0x00000000e3d00000,0x00000000e43b6320,0x00000000e4500000)
  to   space 8704K, 0% used [0x00000000e6100000,0x00000000e6100000,0x00000000e6980000)
 ParOldGen       total 30720K, used 8143K [0x00000000a0000000, 0x00000000a1e00000, 0x00000000e0000000)
  object space 30720K, 26% used [0x00000000a0000000,0x00000000a07f3c40,0x00000000a1e00000)
 Metaspace       used 29877K, capacity 30342K, committed 30720K, reserved 1075200K
  class space    used 4068K, capacity 4234K, committed 4352K, reserved 1048576K
Event: 11.490 GC heap after
Heap after GC invocations=11 (full 1):
 PSYoungGen      total 97280K, used 7222K [0x00000000e0000000, 0x00000000e6900000, 0x0000000100000000)
  eden space 89088K, 0% used [0x00000000e0000000,0x00000000e0000000,0x00000000e5700000)
  from space 8192K, 88% used [0x00000000e6100000,0x00000000e680dac8,0x00000000e6900000)
  to   space 9216K, 0% used [0x00000000e5700000,0x00000000e5700000,0x00000000e6000000)
 ParOldGen       total 30720K, used 8151K [0x00000000a0000000, 0x00000000a1e00000, 0x00000000e0000000)
  object space 30720K, 26% used [0x00000000a0000000,0x00000000a07f5c40,0x00000000a1e00000)
 Metaspace       used 29877K, capacity 30342K, committed 30720K, reserved 1075200K
  class space    used 4068K, capacity 4234K, committed 4352K, reserved 1048576K
}
Event: 12.931 GC heap before
{Heap before GC invocations=12 (full 1):
 PSYoungGen      total 97280K, used 67242K [0x00000000e0000000, 0x00000000e6900000, 0x0000000100000000)
  eden space 89088K, 67% used [0x00000000e0000000,0x00000000e3a9cea8,0x00000000e5700000)
  from space 8192K, 88% used [0x00000000e6100000,0x00000000e680dac8,0x00000000e6900000)
  to   space 9216K, 0% used [0x00000000e5700000,0x00000000e5700000,0x00000000e6000000)
 ParOldGen       total 30720K, used 8151K [0x00000000a0000000, 0x00000000a1e00000, 0x00000000e0000000)
  object space 30720K, 26% used [0x00000000a0000000,0x00000000a07f5c40,0x00000000a1e00000)
 Metaspace       used 34672K, capacity 35220K, committed 35416K, reserved 1079296K
  class space    used 4697K, capacity 4910K, committed 4992K, reserved 1048576K
Event: 12.946 GC heap after
Heap after GC invocations=12 (full 1):
 PSYoungGen      total 98304K, used 5170K [0x00000000e0000000, 0x00000000e8a80000, 0x0000000100000000)
  eden space 89088K, 0% used [0x00000000e0000000,0x00000000e0000000,0x00000000e5700000)
  from space 9216K, 56% used [0x00000000e5700000,0x00000000e5c0cbc8,0x00000000e6000000)
  to   space 8704K, 0% used [0x00000000e8200000,0x00000000e8200000,0x00000000e8a80000)
 ParOldGen       total 30720K, used 12672K [0x00000000a0000000, 0x00000000a1e00000, 0x00000000e0000000)
  object space 30720K, 41% used [0x00000000a0000000,0x00000000a0c60250,0x00000000a1e00000)
 Metaspace       used 34672K, capacity 35220K, committed 35416K, reserved 1079296K
  class space    used 4697K, capacity 4910K, committed 4992K, reserved 1048576K
}
Event: 12.946 GC heap before
{Heap before GC invocations=13 (full 2):
 PSYoungGen      total 98304K, used 5170K [0x00000000e0000000, 0x00000000e8a80000, 0x0000000100000000)
  eden space 89088K, 0% used [0x00000000e0000000,0x00000000e0000000,0x00000000e5700000)
  from space 9216K, 56% used [0x00000000e5700000,0x00000000e5c0cbc8,0x00000000e6000000)
  to   space 8704K, 0% used [0x00000000e8200000,0x00000000e8200000,0x00000000e8a80000)
 ParOldGen       total 30720K, used 12672K [0x00000000a0000000, 0x00000000a1e00000, 0x00000000e0000000)
  object space 30720K, 41% used [0x00000000a0000000,0x00000000a0c60250,0x00000000a1e00000)
 Metaspace       used 34672K, capacity 35220K, committed 35416K, reserved 1079296K
  class space    used 4697K, capacity 4910K, committed 4992K, reserved 1048576K
Event: 13.080 GC heap after
Heap after GC invocations=13 (full 2):
 PSYoungGen      total 98304K, used 0K [0x00000000e0000000, 0x00000000e8a80000, 0x0000000100000000)
  eden space 89088K, 0% used [0x00000000e0000000,0x00000000e0000000,0x00000000e5700000)
  from space 9216K, 0% used [0x00000000e5700000,0x00000000e5700000,0x00000000e6000000)
  to   space 8704K, 0% used [0x00000000e8200000,0x00000000e8200000,0x00000000e8a80000)
 ParOldGen       total 48640K, used 16056K [0x00000000a0000000, 0x00000000a2f80000, 0x00000000e0000000)
  object space 48640K, 33% used [0x00000000a0000000,0x00000000a0fae048,0x00000000a2f80000)
 Metaspace       used 34672K, capacity 35220K, committed 35416K, reserved 1079296K
  class space    used 4697K, capacity 4910K, committed 4992K, reserved 1048576K
}
Event: 17.359 GC heap before
{Heap before GC invocations=14 (full 2):
 PSYoungGen      total 98304K, used 89088K [0x00000000e0000000, 0x00000000e8a80000, 0x0000000100000000)
  eden space 89088K, 100% used [0x00000000e0000000,0x00000000e5700000,0x00000000e5700000)
  from space 9216K, 0% used [0x00000000e5700000,0x00000000e5700000,0x00000000e6000000)
  to   space 8704K, 0% used [0x00000000e8200000,0x00000000e8200000,0x00000000e8a80000)
 ParOldGen       total 48640K, used 16056K [0x00000000a0000000, 0x00000000a2f80000, 0x00000000e0000000)
  object space 48640K, 33% used [0x00000000a0000000,0x00000000a0fae048,0x00000000a2f80000)
 Metaspace       used 40501K, capacity 41134K, committed 41432K, reserved 1085440K
  class space    used 5369K, capacity 5589K, committed 5632K, reserved 1048576K
Event: 17.378 GC heap after
Heap after GC invocations=14 (full 2):
 PSYoungGen      total 125440K, used 8692K [0x00000000e0000000, 0x00000000e8a80000, 0x0000000100000000)
  eden space 116736K, 0% used [0x00000000e0000000,0x00000000e0000000,0x00000000e7200000)
  from space 8704K, 99% used [0x00000000e8200000,0x00000000e8a7d360,0x00000000e8a80000)
  to   space 10240K, 0% used [0x00000000e7680000,0x00000000e7680000,0x00000000e8080000)
 ParOldGen       total 48640K, used 16645K [0x00000000a0000000, 0x00000000a2f80000, 0x00000000e0000000)
  object space 48640K, 34% used [0x00000000a0000000,0x00000000a1041600,0x00000000a2f80000)
 Metaspace       used 40501K, capacity 41134K, committed 41432K, reserved 1085440K
  class space    used 5369K, capacity 5589K, committed 5632K, reserved 1048576K
}

