# JRE version: OpenJDK Runtime Environment (8.0_152-b01) (build 1.8.0_152-release-915-b01)
# Java VM: OpenJDK 64-Bit Server VM (25.152-b01 mixed mode windows-amd64 compressed oops)
Heap:
 PSYoungGen      total 133120K, used 25574K [0x00000000e0000000, 0x00000000eb280000, 0x0000000100000000)
  eden space 117248K, 8% used [0x00000000e0000000,0x00000000e097e4e8,0x00000000e7280000)
  from space 15872K, 99% used [0x00000000e7280000,0x00000000e81fb3a0,0x00000000e8200000)
  to   space 19968K, 0% used [0x00000000e9f00000,0x00000000e9f00000,0x00000000eb280000)
 ParOldGen       total 62464K, used 21522K [0x00000000a0000000, 0x00000000a3d00000, 0x00000000e0000000)
  object space 62464K, 34% used [0x00000000a0000000,0x00000000a1504940,0x00000000a3d00000)
 Metaspace       used 53478K, capacity 55208K, committed 55512K, reserved 1097728K
  class space    used 7193K, capacity 7629K, committed 7680K, reserved 1048576K
GC Heap History (10 events):
Event: 12.307 GC heap before
{Heap before GC invocations=11 (full 2):
 PSYoungGen      total 93696K, used 9760K [0x00000000e0000000, 0x00000000e7700000, 0x0000000100000000)
  eden space 82944K, 0% used [0x00000000e0000000,0x00000000e0000000,0x00000000e5100000)
  from space 10752K, 90% used [0x00000000e5100000,0x00000000e5a882c8,0x00000000e5b80000)
  to   space 11776K, 0% used [0x00000000e6b80000,0x00000000e6b80000,0x00000000e7700000)
 ParOldGen       total 39424K, used 9196K [0x00000000a0000000, 0x00000000a2680000, 0x00000000e0000000)
  object space 39424K, 23% used [0x00000000a0000000,0x00000000a08fb180,0x00000000a2680000)
 Metaspace       used 34472K, capacity 35190K, committed 35416K, reserved 1079296K
  class space    used 4674K, capacity 4929K, committed 4992K, reserved 1048576K
Event: 12.384 GC heap after
Heap after GC invocations=11 (full 2):
 PSYoungGen      total 93696K, used 0K [0x00000000e0000000, 0x00000000e7700000, 0x0000000100000000)
  eden space 82944K, 0% used [0x00000000e0000000,0x00000000e0000000,0x00000000e5100000)
  from space 10752K, 0% used [0x00000000e5100000,0x00000000e5100000,0x00000000e5b80000)
  to   space 11776K, 0% used [0x00000000e6b80000,0x00000000e6b80000,0x00000000e7700000)
 ParOldGen       total 62464K, used 16129K [0x00000000a0000000, 0x00000000a3d00000, 0x00000000e0000000)
  object space 62464K, 25% used [0x00000000a0000000,0x00000000a0fc04f0,0x00000000a3d00000)
 Metaspace       used 34472K, capacity 35190K, committed 35416K, reserved 1079296K
  class space    used 4674K, capacity 4929K, committed 4992K, reserved 1048576K
}
Event: 13.943 GC heap before
{Heap before GC invocations=12 (full 2):
 PSYoungGen      total 93696K, used 82944K [0x00000000e0000000, 0x00000000e7700000, 0x0000000100000000)
  eden space 82944K, 100% used [0x00000000e0000000,0x00000000e5100000,0x00000000e5100000)
  from space 10752K, 0% used [0x00000000e5100000,0x00000000e5100000,0x00000000e5b80000)
  to   space 11776K, 0% used [0x00000000e6b80000,0x00000000e6b80000,0x00000000e7700000)
 ParOldGen       total 62464K, used 16129K [0x00000000a0000000, 0x00000000a3d00000, 0x00000000e0000000)
  object space 62464K, 25% used [0x00000000a0000000,0x00000000a0fc04f0,0x00000000a3d00000)
 Metaspace       used 40603K, capacity 41414K, committed 41816K, reserved 1085440K
  class space    used 5389K, capacity 5669K, committed 5760K, reserved 1048576K
Event: 13.959 GC heap after
Heap after GC invocations=12 (full 2):
 PSYoungGen      total 109568K, used 8878K [0x00000000e0000000, 0x00000000e7b80000, 0x0000000100000000)
  eden space 97792K, 0% used [0x00000000e0000000,0x00000000e0000000,0x00000000e5f80000)
  from space 11776K, 75% used [0x00000000e6b80000,0x00000000e742bb78,0x00000000e7700000)
  to   space 12288K, 0% used [0x00000000e5f80000,0x00000000e5f80000,0x00000000e6b80000)
 ParOldGen       total 62464K, used 16137K [0x00000000a0000000, 0x00000000a3d00000, 0x00000000e0000000)
  object space 62464K, 25% used [0x00000000a0000000,0x00000000a0fc24f0,0x00000000a3d00000)
 Metaspace       used 40603K, capacity 41414K, committed 41816K, reserved 1085440K
  class space    used 5389K, capacity 5669K, committed 5760K, reserved 1048576K
}
Event: 17.269 GC heap before
{Heap before GC invocations=13 (full 2):
 PSYoungGen      total 109568K, used 106670K [0x00000000e0000000, 0x00000000e7b80000, 0x0000000100000000)
  eden space 97792K, 100% used [0x00000000e0000000,0x00000000e5f80000,0x00000000e5f80000)
  from space 11776K, 75% used [0x00000000e6b80000,0x00000000e742bb78,0x00000000e7700000)
  to   space 12288K, 0% used [0x00000000e5f80000,0x00000000e5f80000,0x00000000e6b80000)
 ParOldGen       total 62464K, used 16137K [0x00000000a0000000, 0x00000000a3d00000, 0x00000000e0000000)
  object space 62464K, 25% used [0x00000000a0000000,0x00000000a0fc24f0,0x00000000a3d00000)
 Metaspace       used 46211K, capacity 47186K, committed 47448K, reserved 1089536K
  class space    used 6157K, capacity 6506K, committed 6528K, reserved 1048576K
Event: 17.290 GC heap after
Heap after GC invocations=13 (full 2):
 PSYoungGen      total 110080K, used 12264K [0x00000000e0000000, 0x00000000e9000000, 0x0000000100000000)
  eden space 97792K, 0% used [0x00000000e0000000,0x00000000e0000000,0x00000000e5f80000)
  from space 12288K, 99% used [0x00000000e5f80000,0x00000000e6b7a3d8,0x00000000e6b80000)
  to   space 14336K, 0% used [0x00000000e8200000,0x00000000e8200000,0x00000000e9000000)
 ParOldGen       total 62464K, used 16761K [0x00000000a0000000, 0x00000000a3d00000, 0x00000000e0000000)
  object space 62464K, 26% used [0x00000000a0000000,0x00000000a105e680,0x00000000a3d00000)
 Metaspace       used 46211K, capacity 47186K, committed 47448K, reserved 1089536K
  class space    used 6157K, capacity 6506K, committed 6528K, reserved 1048576K
}
Event: 20.407 GC heap before
{Heap before GC invocations=14 (full 2):
 PSYoungGen      total 110080K, used 110056K [0x00000000e0000000, 0x00000000e9000000, 0x0000000100000000)
  eden space 97792K, 100% used [0x00000000e0000000,0x00000000e5f80000,0x00000000e5f80000)
  from space 12288K, 99% used [0x00000000e5f80000,0x00000000e6b7a3d8,0x00000000e6b80000)
  to   space 14336K, 0% used [0x00000000e8200000,0x00000000e8200000,0x00000000e9000000)
 ParOldGen       total 62464K, used 16761K [0x00000000a0000000, 0x00000000a3d00000, 0x00000000e0000000)
  object space 62464K, 26% used [0x00000000a0000000,0x00000000a105e680,0x00000000a3d00000)
 Metaspace       used 46996K, capacity 48002K, committed 48344K, reserved 1091584K
  class space    used 6238K, capacity 6566K, committed 6656K, reserved 1048576K
Event: 20.443 GC heap after
Heap after GC invocations=14 (full 2):
 PSYoungGen      total 131584K, used 13812K [0x00000000e0000000, 0x00000000e9400000, 0x0000000100000000)
  eden space 117248K, 0% used [0x00000000e0000000,0x00000000e0000000,0x00000000e7280000)
  from space 14336K, 96% used [0x00000000e8200000,0x00000000e8f7d190,0x00000000e9000000)
  to   space 15872K, 0% used [0x00000000e7280000,0x00000000e7280000,0x00000000e8200000)
 ParOldGen       total 62464K, used 16769K [0x00000000a0000000, 0x00000000a3d00000, 0x00000000e0000000)
  object space 62464K, 26% used [0x00000000a0000000,0x00000000a1060680,0x00000000a3d00000)
 Metaspace       used 46996K, capacity 48002K, committed 48344K, reserved 1091584K
  class space    used 6238K, capacity 6566K, committed 6656K, reserved 1048576K
}
Event: 25.541 GC heap before
{Heap before GC invocations=15 (full 2):
 PSYoungGen      total 131584K, used 131060K [0x00000000e0000000, 0x00000000e9400000, 0x0000000100000000)
  eden space 117248K, 100% used [0x00000000e0000000,0x00000000e7280000,0x00000000e7280000)
  from space 14336K, 96% used [0x00000000e8200000,0x00000000e8f7d190,0x00000000e9000000)
  to   space 15872K, 0% used [0x00000000e7280000,0x00000000e7280000,0x00000000e8200000)
 ParOldGen       total 62464K, used 16769K [0x00000000a0000000, 0x00000000a3d00000, 0x00000000e0000000)
  object space 62464K, 26% used [0x00000000a0000000,0x00000000a1060680,0x00000000a3d00000)
 Metaspace       used 53431K, capacity 55202K, committed 55512K, reserved 1097728K
  class space    used 7191K, capacity 7628K, committed 7680K, reserved 1048576K
Event: 25.577 GC heap after
Heap after GC invocations=15 (full 2):
 PSYoungGen      total 133120K, used 15852K [0x00000000e0000000, 0x00000000eb280000, 0x0000000100000000)
  eden space 117248K, 0% used [0x00000000e0000000,0x00000000e0000000,0x00000000e7280000)
  from space 15872K, 99% used [0x00000000e7280000,0x00000000e81fb3a0,0x00000000e8200000)
  to   space 19968K, 0% used [0x00000000e9f00000,0x00000000e9f00000,0x00000000eb280000)
 ParOldGen       total 62464K, used 21522K [0x00000000a0000000, 0x00000000a3d00000, 0x00000000e0000000)
  object space 62464K, 34% used [0x00000000a0000000,0x00000000a1504940,0x00000000a3d00000)
 Metaspace       used 53431K, capacity 55202K, committed 55512K, reserved 1097728K
  class space    used 7191K, capacity 7628K, committed 7680K, reserved 1048576K
}

